<?xml version="1.0" encoding="UTF-8"?>
<!-- Generated by org.testng.reporters.JUnitXMLReporter -->
<testsuite hostname="Fernandos-MacBook-Pro.local" ignored="1" name="Default test" tests="1" failures="0" timestamp="2022-08-16T21:41:54 CST" time="1080.922" errors="0">
  <testcase name="PostApiTest" time="1079.527" classname="com.HttpStatusCode.ApiTest"/>
  <testcase name="GetApiTest" time="0.0" classname="com.HttpStatusCode.ApiTest">
    <ignored/>
  </testcase> <!-- GetApiTest -->
</testsuite> <!-- Default test -->
